<?xml version="1.0" encoding="UTF-8"?>
<testng-results ignored="0" total="1" passed="1" failed="0" skipped="0">
  <reporter-output>
  </reporter-output>
  <suite started-at="2020-08-07T18:23:15Z" name="Default suite" finished-at="2020-08-07T18:23:29Z" duration-ms="14346">
    <groups>
    </groups>
    <test started-at="2020-08-07T18:23:15Z" name="Default test" finished-at="2020-08-07T18:23:29Z" duration-ms="14346">
      <class name="test.SettingsLinkTest">
        <test-method is-config="true" signature="setUp()[pri:0, instance:test.SettingsLinkTest@1460a8c0]" started-at="2020-08-07T18:23:15Z" name="setUp" finished-at="2020-08-07T18:23:23Z" duration-ms="8004" status="PASS">
          <reporter-output>
          </reporter-output>
        </test-method> <!-- setUp -->
        <test-method signature="settingsLinkTest()[pri:0, instance:test.SettingsLinkTest@1460a8c0]" started-at="2020-08-07T18:23:23Z" name="settingsLinkTest" finished-at="2020-08-07T18:23:24Z" duration-ms="1436" status="PASS">
          <reporter-output>
          </reporter-output>
        </test-method> <!-- settingsLinkTest -->
        <test-method is-config="true" signature="tearDown()[pri:0, instance:test.SettingsLinkTest@1460a8c0]" started-at="2020-08-07T18:23:24Z" name="tearDown" finished-at="2020-08-07T18:23:29Z" duration-ms="4888" status="PASS">
          <reporter-output>
          </reporter-output>
        </test-method> <!-- tearDown -->
      </class> <!-- test.SettingsLinkTest -->
    </test> <!-- Default test -->
  </suite> <!-- Default suite -->
</testng-results>
