<?xml version="1.0" encoding="UTF-8"?>
<testng-results ignored="0" total="1" passed="1" failed="0" skipped="0">
  <reporter-output>
  </reporter-output>
  <suite started-at="2020-08-08T03:54:18Z" name="Default suite" finished-at="2020-08-08T03:54:34Z" duration-ms="15980">
    <groups>
    </groups>
    <test started-at="2020-08-08T03:54:18Z" name="Default test" finished-at="2020-08-08T03:54:34Z" duration-ms="15980">
      <class name="test.SettingsLinkTest">
        <test-method is-config="true" signature="setUp()[pri:0, instance:test.SettingsLinkTest@501edcf1]" started-at="2020-08-08T03:54:18Z" name="setUp" finished-at="2020-08-08T03:54:27Z" duration-ms="8928" status="PASS">
          <reporter-output>
          </reporter-output>
        </test-method> <!-- setUp -->
        <test-method signature="settingsLinkTest()[pri:0, instance:test.SettingsLinkTest@501edcf1]" started-at="2020-08-08T03:54:27Z" name="settingsLinkTest" finished-at="2020-08-08T03:54:30Z" duration-ms="2378" status="PASS">
          <reporter-output>
          </reporter-output>
        </test-method> <!-- settingsLinkTest -->
        <test-method is-config="true" signature="tearDown()[pri:0, instance:test.SettingsLinkTest@501edcf1]" started-at="2020-08-08T03:54:30Z" name="tearDown" finished-at="2020-08-08T03:54:34Z" duration-ms="4651" status="PASS">
          <reporter-output>
          </reporter-output>
        </test-method> <!-- tearDown -->
      </class> <!-- test.SettingsLinkTest -->
    </test> <!-- Default test -->
  </suite> <!-- Default suite -->
</testng-results>
